{"/Users/baishi/Documents/WebProject/S16-A2-SSNoC/src/models/User.js":{"path":"/Users/baishi/Documents/WebProject/S16-A2-SSNoC/src/models/User.js","s":{"1":1,"2":1,"3":1,"4":1,"5":1,"6":1},"b":{},"f":{"1":1},"fnMap":{"1":{"name":"(anonymous_1)","line":99,"loc":{"start":{"line":99,"column":14},"end":{"line":99,"column":26}}}},"statementMap":{"1":{"start":{"line":4,"column":0},"end":{"line":4,"column":37}},"2":{"start":{"line":5,"column":0},"end":{"line":9,"column":3}},"3":{"start":{"line":15,"column":0},"end":{"line":97,"column":3}},"4":{"start":{"line":99,"column":0},"end":{"line":105,"column":2}},"5":{"start":{"line":100,"column":4},"end":{"line":104,"column":7}},"6":{"start":{"line":107,"column":0},"end":{"line":107,"column":22}}},"branchMap":{}},"/Users/baishi/Documents/WebProject/S16-A2-SSNoC/src/models/Announcement.js":{"path":"/Users/baishi/Documents/WebProject/S16-A2-SSNoC/src/models/Announcement.js","s":{"1":1,"2":1,"3":1,"4":1},"b":{},"f":{},"fnMap":{},"statementMap":{"1":{"start":{"line":4,"column":0},"end":{"line":4,"column":37}},"2":{"start":{"line":5,"column":0},"end":{"line":9,"column":3}},"3":{"start":{"line":11,"column":0},"end":{"line":31,"column":3}},"4":{"start":{"line":33,"column":0},"end":{"line":33,"column":30}}},"branchMap":{}},"/Users/baishi/Documents/WebProject/S16-A2-SSNoC/src/models/UserHistory.js":{"path":"/Users/baishi/Documents/WebProject/S16-A2-SSNoC/src/models/UserHistory.js","s":{"1":1,"2":1,"3":1,"4":1},"b":{},"f":{},"fnMap":{},"statementMap":{"1":{"start":{"line":4,"column":0},"end":{"line":4,"column":37}},"2":{"start":{"line":5,"column":0},"end":{"line":9,"column":3}},"3":{"start":{"line":11,"column":0},"end":{"line":31,"column":3}},"4":{"start":{"line":33,"column":0},"end":{"line":33,"column":29}}},"branchMap":{}},"/Users/baishi/Documents/WebProject/S16-A2-SSNoC/src/models/PrivateMessage.js":{"path":"/Users/baishi/Documents/WebProject/S16-A2-SSNoC/src/models/PrivateMessage.js","s":{"1":1,"2":1,"3":1,"4":1},"b":{},"f":{},"fnMap":{},"statementMap":{"1":{"start":{"line":1,"column":0},"end":{"line":1,"column":37}},"2":{"start":{"line":2,"column":0},"end":{"line":6,"column":3}},"3":{"start":{"line":8,"column":0},"end":{"line":28,"column":3}},"4":{"start":{"line":30,"column":0},"end":{"line":30,"column":32}}},"branchMap":{}},"/Users/baishi/Documents/WebProject/S16-A2-SSNoC/src/models/PublicMessage.js":{"path":"/Users/baishi/Documents/WebProject/S16-A2-SSNoC/src/models/PublicMessage.js","s":{"1":1,"2":1,"3":1,"4":1},"b":{},"f":{},"fnMap":{},"statementMap":{"1":{"start":{"line":4,"column":0},"end":{"line":4,"column":37}},"2":{"start":{"line":5,"column":0},"end":{"line":9,"column":3}},"3":{"start":{"line":11,"column":0},"end":{"line":27,"column":3}},"4":{"start":{"line":30,"column":0},"end":{"line":30,"column":31}}},"branchMap":{}},"/Users/baishi/Documents/WebProject/S16-A2-SSNoC/src/utils/RequestRecord.js":{"path":"/Users/baishi/Documents/WebProject/S16-A2-SSNoC/src/utils/RequestRecord.js","s":{"1":1,"2":1,"3":1,"4":1,"5":3,"6":3,"7":1,"8":2,"9":2,"10":1,"11":1,"12":1,"13":1,"14":1,"15":1,"16":1,"17":1,"18":1,"19":1},"b":{"1":[1,2]},"f":{"1":3,"2":3,"3":1},"fnMap":{"1":{"name":"(anonymous_1)","line":29,"loc":{"start":{"line":29,"column":32},"end":{"line":29,"column":48}}},"2":{"name":"(anonymous_2)","line":35,"loc":{"start":{"line":35,"column":12},"end":{"line":35,"column":26}}},"3":{"name":"(anonymous_3)","line":52,"loc":{"start":{"line":52,"column":26},"end":{"line":52,"column":50}}}},"statementMap":{"1":{"start":{"line":1,"column":0},"end":{"line":1,"column":37}},"2":{"start":{"line":2,"column":0},"end":{"line":6,"column":3}},"3":{"start":{"line":9,"column":0},"end":{"line":27,"column":3}},"4":{"start":{"line":29,"column":0},"end":{"line":49,"column":2}},"5":{"start":{"line":30,"column":4},"end":{"line":48,"column":7}},"6":{"start":{"line":36,"column":8},"end":{"line":47,"column":9}},"7":{"start":{"line":37,"column":12},"end":{"line":41,"column":15}},"8":{"start":{"line":43,"column":12},"end":{"line":43,"column":39}},"9":{"start":{"line":44,"column":12},"end":{"line":46,"column":15}},"10":{"start":{"line":52,"column":0},"end":{"line":67,"column":1}},"11":{"start":{"line":53,"column":4},"end":{"line":53,"column":23}},"12":{"start":{"line":54,"column":4},"end":{"line":54,"column":31}},"13":{"start":{"line":55,"column":4},"end":{"line":55,"column":33}},"14":{"start":{"line":56,"column":4},"end":{"line":56,"column":26}},"15":{"start":{"line":57,"column":4},"end":{"line":57,"column":46}},"16":{"start":{"line":59,"column":4},"end":{"line":62,"column":5}},"17":{"start":{"line":64,"column":4},"end":{"line":64,"column":42}},"18":{"start":{"line":66,"column":4},"end":{"line":66,"column":11}},"19":{"start":{"line":69,"column":0},"end":{"line":69,"column":34}}},"branchMap":{"1":{"line":36,"type":"if","locations":[{"start":{"line":36,"column":8},"end":{"line":36,"column":8}},{"start":{"line":36,"column":8},"end":{"line":36,"column":8}}]}}},"/Users/baishi/Documents/WebProject/S16-A2-SSNoC/src/models/Room.js":{"path":"/Users/baishi/Documents/WebProject/S16-A2-SSNoC/src/models/Room.js","s":{"1":1,"2":1,"3":1,"4":1},"b":{},"f":{},"fnMap":{},"statementMap":{"1":{"start":{"line":4,"column":0},"end":{"line":4,"column":37}},"2":{"start":{"line":5,"column":0},"end":{"line":9,"column":3}},"3":{"start":{"line":11,"column":0},"end":{"line":23,"column":3}},"4":{"start":{"line":25,"column":0},"end":{"line":25,"column":22}}},"branchMap":{}},"/Users/baishi/Documents/WebProject/S16-A2-SSNoC/src/models/RoomMessage.js":{"path":"/Users/baishi/Documents/WebProject/S16-A2-SSNoC/src/models/RoomMessage.js","s":{"1":1,"2":1,"3":1,"4":1},"b":{},"f":{},"fnMap":{},"statementMap":{"1":{"start":{"line":4,"column":0},"end":{"line":4,"column":37}},"2":{"start":{"line":5,"column":0},"end":{"line":9,"column":3}},"3":{"start":{"line":11,"column":0},"end":{"line":31,"column":3}},"4":{"start":{"line":33,"column":0},"end":{"line":33,"column":29}}},"branchMap":{}},"/Users/baishi/Documents/WebProject/S16-A2-SSNoC/src/models/Session.js":{"path":"/Users/baishi/Documents/WebProject/S16-A2-SSNoC/src/models/Session.js","s":{"1":1,"2":1,"3":1,"4":1,"5":2,"6":1,"7":1,"8":1,"9":7,"10":1,"11":6,"12":6,"13":6,"14":2,"15":4,"16":4,"17":2,"18":2,"19":2,"20":1,"21":4,"22":3,"23":1,"24":1,"25":5,"26":1,"27":1,"28":1,"29":1,"30":1,"31":2,"32":2,"33":1,"34":1,"35":1,"36":1,"37":1},"b":{"1":[1,1],"2":[1,6],"3":[2,4],"4":[2,2],"5":[2,0],"6":[1,1],"7":[3,1]},"f":{"1":2,"2":7,"3":6,"4":5,"5":1,"6":1,"7":2,"8":1},"fnMap":{"1":{"name":"(anonymous_1)","line":9,"loc":{"start":{"line":9,"column":24},"end":{"line":9,"column":48}}},"2":{"name":"checkPrivilege","line":18,"loc":{"start":{"line":18,"column":0},"end":{"line":18,"column":51}}},"3":{"name":"(anonymous_3)","line":27,"loc":{"start":{"line":27,"column":16},"end":{"line":27,"column":32}}},"4":{"name":"(anonymous_4)","line":55,"loc":{"start":{"line":55,"column":24},"end":{"line":55,"column":49}}},"5":{"name":"(anonymous_5)","line":59,"loc":{"start":{"line":59,"column":30},"end":{"line":59,"column":55}}},"6":{"name":"(anonymous_6)","line":63,"loc":{"start":{"line":63,"column":26},"end":{"line":63,"column":51}}},"7":{"name":"(anonymous_7)","line":67,"loc":{"start":{"line":67,"column":16},"end":{"line":67,"column":35}}},"8":{"name":"(anonymous_8)","line":80,"loc":{"start":{"line":80,"column":17},"end":{"line":80,"column":30}}}},"statementMap":{"1":{"start":{"line":1,"column":0},"end":{"line":1,"column":40}},"2":{"start":{"line":2,"column":0},"end":{"line":2,"column":32}},"3":{"start":{"line":4,"column":0},"end":{"line":6,"column":2}},"4":{"start":{"line":9,"column":0},"end":{"line":16,"column":2}},"5":{"start":{"line":10,"column":4},"end":{"line":15,"column":5}},"6":{"start":{"line":11,"column":8},"end":{"line":11,"column":33}},"7":{"start":{"line":14,"column":8},"end":{"line":14,"column":15}},"8":{"start":{"line":18,"column":0},"end":{"line":53,"column":1}},"9":{"start":{"line":19,"column":4},"end":{"line":52,"column":5}},"10":{"start":{"line":20,"column":8},"end":{"line":20,"column":33}},"11":{"start":{"line":22,"column":8},"end":{"line":22,"column":38}},"12":{"start":{"line":23,"column":8},"end":{"line":51,"column":11}},"13":{"start":{"line":28,"column":12},"end":{"line":50,"column":13}},"14":{"start":{"line":29,"column":16},"end":{"line":29,"column":48}},"15":{"start":{"line":32,"column":16},"end":{"line":32,"column":34}},"16":{"start":{"line":33,"column":16},"end":{"line":42,"column":17}},"17":{"start":{"line":34,"column":20},"end":{"line":36,"column":21}},"18":{"start":{"line":35,"column":24},"end":{"line":35,"column":37}},"19":{"start":{"line":39,"column":20},"end":{"line":41,"column":21}},"20":{"start":{"line":40,"column":24},"end":{"line":40,"column":37}},"21":{"start":{"line":44,"column":16},"end":{"line":49,"column":17}},"22":{"start":{"line":45,"column":20},"end":{"line":45,"column":34}},"23":{"start":{"line":48,"column":20},"end":{"line":48,"column":71}},"24":{"start":{"line":55,"column":0},"end":{"line":57,"column":2}},"25":{"start":{"line":56,"column":4},"end":{"line":56,"column":59}},"26":{"start":{"line":59,"column":0},"end":{"line":61,"column":2}},"27":{"start":{"line":60,"column":4},"end":{"line":60,"column":76}},"28":{"start":{"line":63,"column":0},"end":{"line":65,"column":2}},"29":{"start":{"line":64,"column":4},"end":{"line":64,"column":72}},"30":{"start":{"line":67,"column":0},"end":{"line":77,"column":2}},"31":{"start":{"line":68,"column":4},"end":{"line":71,"column":6}},"32":{"start":{"line":73,"column":4},"end":{"line":76,"column":6}},"33":{"start":{"line":80,"column":0},"end":{"line":84,"column":2}},"34":{"start":{"line":81,"column":4},"end":{"line":81,"column":51}},"35":{"start":{"line":82,"column":4},"end":{"line":82,"column":28}},"36":{"start":{"line":83,"column":4},"end":{"line":83,"column":26}},"37":{"start":{"line":86,"column":0},"end":{"line":86,"column":25}}},"branchMap":{"1":{"line":10,"type":"if","locations":[{"start":{"line":10,"column":4},"end":{"line":10,"column":4}},{"start":{"line":10,"column":4},"end":{"line":10,"column":4}}]},"2":{"line":19,"type":"if","locations":[{"start":{"line":19,"column":4},"end":{"line":19,"column":4}},{"start":{"line":19,"column":4},"end":{"line":19,"column":4}}]},"3":{"line":28,"type":"if","locations":[{"start":{"line":28,"column":12},"end":{"line":28,"column":12}},{"start":{"line":28,"column":12},"end":{"line":28,"column":12}}]},"4":{"line":33,"type":"if","locations":[{"start":{"line":33,"column":16},"end":{"line":33,"column":16}},{"start":{"line":33,"column":16},"end":{"line":33,"column":16}}]},"5":{"line":34,"type":"if","locations":[{"start":{"line":34,"column":20},"end":{"line":34,"column":20}},{"start":{"line":34,"column":20},"end":{"line":34,"column":20}}]},"6":{"line":39,"type":"if","locations":[{"start":{"line":39,"column":20},"end":{"line":39,"column":20}},{"start":{"line":39,"column":20},"end":{"line":39,"column":20}}]},"7":{"line":44,"type":"if","locations":[{"start":{"line":44,"column":16},"end":{"line":44,"column":16}},{"start":{"line":44,"column":16},"end":{"line":44,"column":16}}]}}},"/Users/baishi/Documents/WebProject/S16-A2-SSNoC/src/socket.js":{"path":"/Users/baishi/Documents/WebProject/S16-A2-SSNoC/src/socket.js","s":{"1":1,"2":1,"3":1,"4":1,"5":1,"6":1,"7":1},"b":{},"f":{"1":1,"2":1,"3":1},"fnMap":{"1":{"name":"(anonymous_1)","line":3,"loc":{"start":{"line":3,"column":13},"end":{"line":3,"column":24}}},"2":{"name":"(anonymous_2)","line":6,"loc":{"start":{"line":6,"column":15},"end":{"line":6,"column":32}}},"3":{"name":"(anonymous_3)","line":10,"loc":{"start":{"line":10,"column":15},"end":{"line":10,"column":34}}}},"statementMap":{"1":{"start":{"line":1,"column":0},"end":{"line":1,"column":7}},"2":{"start":{"line":3,"column":0},"end":{"line":5,"column":1}},"3":{"start":{"line":4,"column":4},"end":{"line":4,"column":14}},"4":{"start":{"line":6,"column":0},"end":{"line":8,"column":1}},"5":{"start":{"line":7,"column":4},"end":{"line":7,"column":45}},"6":{"start":{"line":10,"column":0},"end":{"line":12,"column":1}},"7":{"start":{"line":11,"column":4},"end":{"line":11,"column":22}}},"branchMap":{}},"/Users/baishi/Documents/WebProject/S16-A2-SSNoC/src/UserDict.js":{"path":"/Users/baishi/Documents/WebProject/S16-A2-SSNoC/src/UserDict.js","s":{"1":1,"2":1,"3":1,"4":9,"5":9,"6":6,"7":3,"8":9,"9":1,"10":2,"11":2,"12":2,"13":2,"14":2,"15":2,"16":2,"17":1,"18":1,"19":2,"20":1,"21":1,"22":1,"23":1,"24":1,"25":1,"26":1,"27":1,"28":2,"29":1,"30":1,"31":1},"b":{"1":[6,3],"2":[2,0],"3":[2,0],"4":[1,1],"5":[1,1],"6":[1,0],"7":[1,1]},"f":{"1":9,"2":2,"3":2,"4":1,"5":2},"fnMap":{"1":{"name":"(anonymous_1)","line":8,"loc":{"start":{"line":8,"column":10},"end":{"line":8,"column":34}}},"2":{"name":"(anonymous_2)","line":23,"loc":{"start":{"line":23,"column":13},"end":{"line":23,"column":36}}},"3":{"name":"(anonymous_3)","line":39,"loc":{"start":{"line":39,"column":14},"end":{"line":39,"column":28}}},"4":{"name":"(anonymous_4)","line":46,"loc":{"start":{"line":46,"column":13},"end":{"line":46,"column":37}}},"5":{"name":"(anonymous_5)","line":55,"loc":{"start":{"line":55,"column":15},"end":{"line":55,"column":29}}}},"statementMap":{"1":{"start":{"line":5,"column":0},"end":{"line":5,"column":14}},"2":{"start":{"line":6,"column":0},"end":{"line":6,"column":13}},"3":{"start":{"line":8,"column":0},"end":{"line":21,"column":1}},"4":{"start":{"line":9,"column":4},"end":{"line":9,"column":21}},"5":{"start":{"line":10,"column":4},"end":{"line":18,"column":5}},"6":{"start":{"line":11,"column":8},"end":{"line":14,"column":9}},"7":{"start":{"line":17,"column":8},"end":{"line":17,"column":38}},"8":{"start":{"line":20,"column":4},"end":{"line":20,"column":56}},"9":{"start":{"line":23,"column":0},"end":{"line":37,"column":1}},"10":{"start":{"line":24,"column":4},"end":{"line":36,"column":5}},"11":{"start":{"line":25,"column":8},"end":{"line":31,"column":9}},"12":{"start":{"line":26,"column":12},"end":{"line":30,"column":13}},"13":{"start":{"line":27,"column":16},"end":{"line":27,"column":47}},"14":{"start":{"line":28,"column":16},"end":{"line":28,"column":82}},"15":{"start":{"line":29,"column":16},"end":{"line":29,"column":22}},"16":{"start":{"line":33,"column":8},"end":{"line":35,"column":9}},"17":{"start":{"line":34,"column":12},"end":{"line":34,"column":29}},"18":{"start":{"line":39,"column":0},"end":{"line":44,"column":1}},"19":{"start":{"line":40,"column":4},"end":{"line":42,"column":5}},"20":{"start":{"line":41,"column":8},"end":{"line":41,"column":30}},"21":{"start":{"line":43,"column":4},"end":{"line":43,"column":16}},"22":{"start":{"line":46,"column":0},"end":{"line":53,"column":1}},"23":{"start":{"line":47,"column":4},"end":{"line":52,"column":5}},"24":{"start":{"line":48,"column":8},"end":{"line":51,"column":9}},"25":{"start":{"line":49,"column":12},"end":{"line":49,"column":46}},"26":{"start":{"line":50,"column":12},"end":{"line":50,"column":34}},"27":{"start":{"line":55,"column":0},"end":{"line":60,"column":1}},"28":{"start":{"line":56,"column":4},"end":{"line":58,"column":5}},"29":{"start":{"line":57,"column":8},"end":{"line":57,"column":20}},"30":{"start":{"line":59,"column":4},"end":{"line":59,"column":17}},"31":{"start":{"line":62,"column":0},"end":{"line":62,"column":21}}},"branchMap":{"1":{"line":10,"type":"if","locations":[{"start":{"line":10,"column":4},"end":{"line":10,"column":4}},{"start":{"line":10,"column":4},"end":{"line":10,"column":4}}]},"2":{"line":24,"type":"if","locations":[{"start":{"line":24,"column":4},"end":{"line":24,"column":4}},{"start":{"line":24,"column":4},"end":{"line":24,"column":4}}]},"3":{"line":26,"type":"if","locations":[{"start":{"line":26,"column":12},"end":{"line":26,"column":12}},{"start":{"line":26,"column":12},"end":{"line":26,"column":12}}]},"4":{"line":33,"type":"if","locations":[{"start":{"line":33,"column":8},"end":{"line":33,"column":8}},{"start":{"line":33,"column":8},"end":{"line":33,"column":8}}]},"5":{"line":40,"type":"if","locations":[{"start":{"line":40,"column":4},"end":{"line":40,"column":4}},{"start":{"line":40,"column":4},"end":{"line":40,"column":4}}]},"6":{"line":47,"type":"if","locations":[{"start":{"line":47,"column":4},"end":{"line":47,"column":4}},{"start":{"line":47,"column":4},"end":{"line":47,"column":4}}]},"7":{"line":56,"type":"if","locations":[{"start":{"line":56,"column":4},"end":{"line":56,"column":4}},{"start":{"line":56,"column":4},"end":{"line":56,"column":4}}]}}}}