TN:
SF:/Users/baishi/Documents/WebProject/S16-A2-SSNoC/src/models/User.js
FN:99,(anonymous_1)
FNF:1
FNH:1
FNDA:1,(anonymous_1)
DA:4,1
DA:5,1
DA:15,1
DA:99,1
DA:100,1
DA:107,1
LF:6
LH:6
BRF:0
BRH:0
end_of_record
TN:
SF:/Users/baishi/Documents/WebProject/S16-A2-SSNoC/src/models/Announcement.js
FNF:0
FNH:0
DA:4,1
DA:5,1
DA:11,1
DA:33,1
LF:4
LH:4
BRF:0
BRH:0
end_of_record
TN:
SF:/Users/baishi/Documents/WebProject/S16-A2-SSNoC/src/models/UserHistory.js
FNF:0
FNH:0
DA:4,1
DA:5,1
DA:11,1
DA:33,1
LF:4
LH:4
BRF:0
BRH:0
end_of_record
TN:
SF:/Users/baishi/Documents/WebProject/S16-A2-SSNoC/src/models/PrivateMessage.js
FNF:0
FNH:0
DA:1,1
DA:2,1
DA:8,1
DA:30,1
LF:4
LH:4
BRF:0
BRH:0
end_of_record
TN:
SF:/Users/baishi/Documents/WebProject/S16-A2-SSNoC/src/models/PublicMessage.js
FNF:0
FNH:0
DA:4,1
DA:5,1
DA:11,1
DA:30,1
LF:4
LH:4
BRF:0
BRH:0
end_of_record
TN:
SF:/Users/baishi/Documents/WebProject/S16-A2-SSNoC/src/utils/RequestRecord.js
FN:29,(anonymous_1)
FN:35,(anonymous_2)
FN:52,(anonymous_3)
FNF:3
FNH:3
FNDA:3,(anonymous_1)
FNDA:3,(anonymous_2)
FNDA:1,(anonymous_3)
DA:1,1
DA:2,1
DA:9,1
DA:29,1
DA:30,3
DA:36,3
DA:37,1
DA:43,2
DA:44,2
DA:52,1
DA:53,1
DA:54,1
DA:55,1
DA:56,1
DA:57,1
DA:59,1
DA:64,1
DA:66,1
DA:69,1
LF:19
LH:19
BRDA:36,1,0,1
BRDA:36,1,1,2
BRF:2
BRH:2
end_of_record
TN:
SF:/Users/baishi/Documents/WebProject/S16-A2-SSNoC/src/models/Room.js
FNF:0
FNH:0
DA:4,1
DA:5,1
DA:11,1
DA:25,1
LF:4
LH:4
BRF:0
BRH:0
end_of_record
TN:
SF:/Users/baishi/Documents/WebProject/S16-A2-SSNoC/src/models/RoomMessage.js
FNF:0
FNH:0
DA:4,1
DA:5,1
DA:11,1
DA:33,1
LF:4
LH:4
BRF:0
BRH:0
end_of_record
TN:
SF:/Users/baishi/Documents/WebProject/S16-A2-SSNoC/src/models/Session.js
FN:9,(anonymous_1)
FN:18,checkPrivilege
FN:27,(anonymous_3)
FN:55,(anonymous_4)
FN:59,(anonymous_5)
FN:63,(anonymous_6)
FN:67,(anonymous_7)
FN:80,(anonymous_8)
FNF:8
FNH:8
FNDA:2,(anonymous_1)
FNDA:7,checkPrivilege
FNDA:6,(anonymous_3)
FNDA:5,(anonymous_4)
FNDA:1,(anonymous_5)
FNDA:1,(anonymous_6)
FNDA:2,(anonymous_7)
FNDA:1,(anonymous_8)
DA:1,1
DA:2,1
DA:4,1
DA:9,1
DA:10,2
DA:11,1
DA:14,1
DA:18,1
DA:19,7
DA:20,1
DA:22,6
DA:23,6
DA:28,6
DA:29,2
DA:32,4
DA:33,4
DA:34,2
DA:35,2
DA:39,2
DA:40,1
DA:44,4
DA:45,3
DA:48,1
DA:55,1
DA:56,5
DA:59,1
DA:60,1
DA:63,1
DA:64,1
DA:67,1
DA:68,2
DA:73,2
DA:80,1
DA:81,1
DA:82,1
DA:83,1
DA:86,1
LF:37
LH:37
BRDA:10,1,0,1
BRDA:10,1,1,1
BRDA:19,2,0,1
BRDA:19,2,1,6
BRDA:28,3,0,2
BRDA:28,3,1,4
BRDA:33,4,0,2
BRDA:33,4,1,2
BRDA:34,5,0,2
BRDA:34,5,1,0
BRDA:39,6,0,1
BRDA:39,6,1,1
BRDA:44,7,0,3
BRDA:44,7,1,1
BRF:14
BRH:13
end_of_record
TN:
SF:/Users/baishi/Documents/WebProject/S16-A2-SSNoC/src/socket.js
FN:3,(anonymous_1)
FN:6,(anonymous_2)
FN:10,(anonymous_3)
FNF:3
FNH:3
FNDA:1,(anonymous_1)
FNDA:1,(anonymous_2)
FNDA:1,(anonymous_3)
DA:1,1
DA:3,1
DA:4,1
DA:6,1
DA:7,1
DA:10,1
DA:11,1
LF:7
LH:7
BRF:0
BRH:0
end_of_record
TN:
SF:/Users/baishi/Documents/WebProject/S16-A2-SSNoC/src/UserDict.js
FN:8,(anonymous_1)
FN:23,(anonymous_2)
FN:39,(anonymous_3)
FN:46,(anonymous_4)
FN:55,(anonymous_5)
FNF:5
FNH:5
FNDA:9,(anonymous_1)
FNDA:2,(anonymous_2)
FNDA:2,(anonymous_3)
FNDA:1,(anonymous_4)
FNDA:2,(anonymous_5)
DA:5,1
DA:6,1
DA:8,1
DA:9,9
DA:10,9
DA:11,6
DA:17,3
DA:20,9
DA:23,1
DA:24,2
DA:25,2
DA:26,2
DA:27,2
DA:28,2
DA:29,2
DA:33,2
DA:34,1
DA:39,1
DA:40,2
DA:41,1
DA:43,1
DA:46,1
DA:47,1
DA:48,1
DA:49,1
DA:50,1
DA:55,1
DA:56,2
DA:57,1
DA:59,1
DA:62,1
LF:31
LH:31
BRDA:10,1,0,6
BRDA:10,1,1,3
BRDA:24,2,0,2
BRDA:24,2,1,0
BRDA:26,3,0,2
BRDA:26,3,1,0
BRDA:33,4,0,1
BRDA:33,4,1,1
BRDA:40,5,0,1
BRDA:40,5,1,1
BRDA:47,6,0,1
BRDA:47,6,1,0
BRDA:56,7,0,1
BRDA:56,7,1,1
BRF:14
BRH:11
end_of_record
